<?xml version="1.0" encoding="UTF-8"?>
<testsuite xmlns:xsi="http://www.w3.org/2001/XMLSchema-instance" xsi:noNamespaceSchemaLocation="https://maven.apache.org/surefire/maven-surefire-plugin/xsd/surefire-test-report-3.0.xsd" version="3.0" name="com.example.batch.BatchIntegrationTest" time="1.564" tests="1" errors="1" skipped="0" failures="0">
  <properties>
[...]
</properties>
  <testcase name="endToEnd_entityAndPayload" classname="com.example.batch.BatchIntegrationTest" time="0.431">
    <error message="StatementCallback; bad SQL grammar [CREATE TABLE dfdr_entity (id VARCHAR(64), datetime VARCHAR(64), serviceName VARCHAR(128), message VARCHAR(1024), PRIMARY KEY (id))]" type="org.springframework.jdbc.BadSqlGrammarException"><![CDATA[org.springframework.jdbc.BadSqlGrammarException: StatementCallback; bad SQL grammar [CREATE TABLE dfdr_entity (id VARCHAR(64), datetime VARCHAR(64), serviceName VARCHAR(128), message VARCHAR(1024), PRIMARY KEY (id))]
	at org.springframework.jdbc.support.SQLExceptionSubclassTranslator.doTranslate(SQLExceptionSubclassTranslator.java:103)
	at org.springframework.jdbc.support.AbstractFallbackSQLExceptionTranslator.translate(AbstractFallbackSQLExceptionTranslator.java:107)
	at org.springframework.jdbc.core.JdbcTemplate.translateException(JdbcTemplate.java:1548)
	at org.springframework.jdbc.core.JdbcTemplate.execute(JdbcTemplate.java:408)
	at org.springframework.jdbc.core.JdbcTemplate.execute(JdbcTemplate.java:444)
	at com.example.batch.BatchIntegrationTest.setupDbsAndFiles(BatchIntegrationTest.java:60)
	at java.base/java.lang.reflect.Method.invoke(Method.java:569)
	at java.base/java.util.ArrayList.forEach(ArrayList.java:1511)
	at java.base/java.util.ArrayList.forEach(ArrayList.java:1511)
Caused by: org.h2.jdbc.JdbcSQLSyntaxErrorException: Table "DFDR_ENTITY" already exists; SQL statement:
CREATE TABLE dfdr_entity (id VARCHAR(64), datetime VARCHAR(64), serviceName VARCHAR(128), message VARCHAR(1024), PRIMARY KEY (id)) [42101-224]
	at org.h2.message.DbException.getJdbcSQLException(DbException.java:514)
	at org.h2.message.DbException.getJdbcSQLException(DbException.java:489)
	at org.h2.message.DbException.get(DbException.java:223)
	at org.h2.message.DbException.get(DbException.java:199)
	at org.h2.command.ddl.CreateTable.update(CreateTable.java:91)
	at org.h2.command.CommandContainer.update(CommandContainer.java:169)
	at org.h2.command.Command.executeUpdate(Command.java:256)
	at org.h2.jdbc.JdbcStatement.executeInternal(JdbcStatement.java:262)
	at org.h2.jdbc.JdbcStatement.execute(JdbcStatement.java:231)
	at com.zaxxer.hikari.pool.ProxyStatement.execute(ProxyStatement.java:94)
	at com.zaxxer.hikari.pool.HikariProxyStatement.execute(HikariProxyStatement.java)
	at org.springframework.jdbc.core.JdbcTemplate$1ExecuteStatementCallback.doInStatement(JdbcTemplate.java:435)
	at org.springframework.jdbc.core.JdbcTemplate.execute(JdbcTemplate.java:393)
	... 5 more
]]></error>
    <system-out><![CDATA[20:57:02.726 [main] INFO org.springframework.test.context.support.AnnotationConfigContextLoaderUtils -- Could not detect default configuration classes for test class [com.example.batch.BatchIntegrationTest]: BatchIntegrationTest does not declare any static, non-private, non-final, nested classes annotated with @Configuration.
20:57:02.781 [main] INFO org.springframework.boot.test.context.SpringBootTestContextBootstrapper -- Found @SpringBootConfiguration com.example.batch.Application for test class com.example.batch.BatchIntegrationTest

  .   ____          _            __ _ _
 /\\ / ___'_ __ _ _(_)_ __  __ _ \ \ \ \
( ( )\___ | '_ | '_| | '_ \/ _` | \ \ \ \
 \\/  ___)| |_)| | | | | || (_| |  ) ) ) )
  '  |____| .__|_| |_|_| |_\__, | / / / /
 =========|_|==============|___/=/_/_/_/

 :: Spring Boot ::                (v3.3.4)

2025-10-30T20:57:02.979-04:00  INFO 92796 --- [spring-batch-file-transfer] [           main] com.example.batch.BatchIntegrationTest   : Starting BatchIntegrationTest using Java 17.0.15 with PID 92796 (started by Alpha in /Users/alizafarianaraki/works/springBatch)
2025-10-30T20:57:02.980-04:00  INFO 92796 --- [spring-batch-file-transfer] [           main] com.example.batch.BatchIntegrationTest   : The following 1 profile is active: "test"
2025-10-30T20:57:03.175-04:00  INFO 92796 --- [spring-batch-file-transfer] [           main] o.s.b.c.c.annotation.BatchRegistrar      : Finished Spring Batch infrastructure beans configuration in 2 ms.
2025-10-30T20:57:03.375-04:00  WARN 92796 --- [spring-batch-file-transfer] [           main] trationDelegate$BeanPostProcessorChecker : Bean 'jobRegistry' of type [org.springframework.batch.core.configuration.support.MapJobRegistry] is not eligible for getting processed by all BeanPostProcessors (for example: not eligible for auto-proxying). Is this bean getting eagerly injected into a currently created BeanPostProcessor [jobRegistryBeanPostProcessor]? Check the corresponding BeanPostProcessor declaration and its dependencies.
2025-10-30T20:57:03.480-04:00  INFO 92796 --- [spring-batch-file-transfer] [           main] com.zaxxer.hikari.HikariDataSource       : HikariPool-1 - Starting...
2025-10-30T20:57:03.608-04:00  INFO 92796 --- [spring-batch-file-transfer] [           main] com.zaxxer.hikari.pool.HikariPool        : HikariPool-1 - Added connection conn0: url=jdbc:h2:mem:srcdb user=SA
2025-10-30T20:57:03.609-04:00  INFO 92796 --- [spring-batch-file-transfer] [           main] com.zaxxer.hikari.HikariDataSource       : HikariPool-1 - Start completed.
2025-10-30T20:57:03.614-04:00  INFO 92796 --- [spring-batch-file-transfer] [           main] o.s.b.c.r.s.JobRepositoryFactoryBean     : No database type set, using meta data indicating: H2
2025-10-30T20:57:03.652-04:00  INFO 92796 --- [spring-batch-file-transfer] [           main] o.s.b.c.l.support.SimpleJobLauncher      : No TaskExecutor has been set, defaulting to synchronous executor.
2025-10-30T20:57:03.761-04:00  INFO 92796 --- [spring-batch-file-transfer] [           main] com.example.batch.BatchIntegrationTest   : Started BatchIntegrationTest in 0.919 seconds (process running for 1.384)
]]></system-out>
  </testcase>
</testsuite>