<?xml version="1.0" encoding="UTF-8"?>
<testsuite xmlns:xsi="http://www.w3.org/2001/XMLSchema-instance" xsi:noNamespaceSchemaLocation="https://maven.apache.org/surefire/maven-surefire-plugin/xsd/surefire-test-report-3.0.xsd" version="3.0" name="com.example.batch.GzipLineItemReaderTest" time="0.011" tests="2" errors="0" skipped="0" failures="0">
  <properties>
[...]
</properties>
  <testcase name="fileDiscovery_filtersByNomatchKeyword" classname="com.example.batch.GzipLineItemReaderTest" time="0.008"/>
  <testcase name="gzipSingleFileLineReader_readsLinesFromGzFile" classname="com.example.batch.GzipLineItemReaderTest" time="0.001"/>
</testsuite>